D:\STUDY\LOGOSTESTREP\LOGOSTESTREP\CONSOLEAPPLICATION3\CONSOLEAPPLICATION3\DEBUG\CONSOLEAPPLICATION3.PCH
D:\STUDY\LOGOSTESTREP\LOGOSTESTREP\CONSOLEAPPLICATION3\CONSOLEAPPLICATION3\DEBUG\STDAFX.OBJ
D:\STUDY\LOGOSTESTREP\LOGOSTESTREP\CONSOLEAPPLICATION3\CONSOLEAPPLICATION3\DEBUG\VC110.PDB
D:\STUDY\LOGOSTESTREP\LOGOSTESTREP\CONSOLEAPPLICATION3\CONSOLEAPPLICATION3\DEBUG\CONSOLEAPPLICATION3.OBJ
D:\STUDY\LOGOSTESTREP\LOGOSTESTREP\CONSOLEAPPLICATION3\DEBUG\CONSOLEAPPLICATION3.ILK
D:\STUDY\LOGOSTESTREP\LOGOSTESTREP\CONSOLEAPPLICATION3\DEBUG\CONSOLEAPPLICATION3.EXE
D:\STUDY\LOGOSTESTREP\LOGOSTESTREP\CONSOLEAPPLICATION3\DEBUG\CONSOLEAPPLICATION3.PDB
D:\study\LogosTestRep\LogosTestRep\ConsoleApplication3\ConsoleApplication3\Debug\ConsoleApplication3.obj
D:\study\LogosTestRep\LogosTestRep\ConsoleApplication3\ConsoleApplication3\Debug\stdafx.obj
D:\study\LogosTestRep\LogosTestRep\ConsoleApplication3\ConsoleApplication3\Debug\cl.command.1.tlog
D:\study\LogosTestRep\LogosTestRep\ConsoleApplication3\ConsoleApplication3\Debug\CL.read.1.tlog
D:\study\LogosTestRep\LogosTestRep\ConsoleApplication3\ConsoleApplication3\Debug\CL.write.1.tlog
D:\study\LogosTestRep\LogosTestRep\ConsoleApplication3\ConsoleApplication3\Debug\link-cvtres.read.1.tlog
D:\study\LogosTestRep\LogosTestRep\ConsoleApplication3\ConsoleApplication3\Debug\link-cvtres.write.1.tlog
D:\study\LogosTestRep\LogosTestRep\ConsoleApplication3\ConsoleApplication3\Debug\link-rc.read.1.tlog
D:\study\LogosTestRep\LogosTestRep\ConsoleApplication3\ConsoleApplication3\Debug\link-rc.write.1.tlog
D:\study\LogosTestRep\LogosTestRep\ConsoleApplication3\ConsoleApplication3\Debug\link.command.1.tlog
D:\study\LogosTestRep\LogosTestRep\ConsoleApplication3\ConsoleApplication3\Debug\link.read.1.tlog
D:\study\LogosTestRep\LogosTestRep\ConsoleApplication3\ConsoleApplication3\Debug\link.write.1.tlog
D:\study\LogosTestRep\LogosTestRep\ConsoleApplication3\ConsoleApplication3\Debug\ConsoleApplication3.pch
D:\study\LogosTestRep\LogosTestRep\ConsoleApplication3\ConsoleApplication3\Debug\vc110.idb
D:\study\LogosTestRep\LogosTestRep\ConsoleApplication3\ConsoleApplication3\Debug\vc110.pdb
D:\study\LogosTestRep\LogosTestRep\ConsoleApplication3\Debug\ConsoleApplication3.pdb
D:\study\LogosTestRep\LogosTestRep\ConsoleApplication3\Debug\ConsoleApplication3.exe
D:\study\LogosTestRep\LogosTestRep\ConsoleApplication3\Debug\ConsoleApplication3.ilk
